# JRE version: OpenJDK Runtime Environment (21.0.6) (build 21.0.6+-13391695-b895.109)
# Java VM: OpenJDK 64-Bit Server VM (21.0.6+-13391695-b895.109, mixed mode, tiered, compressed oops, compressed class ptrs, g1 gc, windows-amd64)
GC Precious Log:
 CardTable entry size: 512
 Card Set container configuration: InlinePtr #cards 4 size 8 Array Of Cards #cards 32 size 80 Howl #buckets 8 coarsen threshold 7372 Howl Bitmap #cards 1024 size 144 coarsen threshold 921 Card regions per heap region 1 cards per card region 8192
 CPUs: 4 total, 4 available
 Memory: 16267M
 Large Page Support: Disabled
 NUMA Support: Disabled
 Compressed Oops: Enabled (Zero based)
 Heap Region Size: 4M
 Heap Min Capacity: 8M
 Heap Initial Capacity: 256M
 Heap Max Capacity: 8G
 Pre-touch: Disabled
 Parallel Workers: 4
 Concurrent Workers: 1
 Concurrent Refinement Workers: 4
 Periodic GC: Disabled
Heap:
 garbage-first heap   total 520192K, used 281533K [0x0000000600000000, 0x0000000800000000)
  region size 4096K, 17 young (69632K), 7 survivors (28672K)
 Metaspace       used 241805K, committed 244864K, reserved 1310720K
  class space    used 31113K, committed 32640K, reserved 1048576K
GC Heap History (20 events):
Event: 109.500 GC heap before
{Heap before GC invocations=59 (full 0):
 garbage-first heap   total 303104K, used 273675K [0x0000000600000000, 0x0000000800000000)
  region size 4096K, 25 young (102400K), 2 survivors (8192K)
 Metaspace       used 190276K, committed 193024K, reserved 1245184K
  class space    used 24789K, committed 26176K, reserved 1048576K
}
Event: 109.521 GC heap after
{Heap after GC invocations=60 (full 0):
 garbage-first heap   total 303104K, used 177871K [0x0000000600000000, 0x0000000800000000)
  region size 4096K, 4 young (16384K), 4 survivors (16384K)
 Metaspace       used 190276K, committed 193024K, reserved 1245184K
  class space    used 24789K, committed 26176K, reserved 1048576K
}
Event: 153.982 GC heap before
{Heap before GC invocations=61 (full 0):
 garbage-first heap   total 303104K, used 259791K [0x0000000600000000, 0x0000000800000000)
  region size 4096K, 25 young (102400K), 4 survivors (16384K)
 Metaspace       used 196316K, committed 199040K, reserved 1245184K
  class space    used 25401K, committed 26752K, reserved 1048576K
}
Event: 154.012 GC heap after
{Heap after GC invocations=62 (full 0):
 garbage-first heap   total 303104K, used 185583K [0x0000000600000000, 0x0000000800000000)
  region size 4096K, 4 young (16384K), 4 survivors (16384K)
 Metaspace       used 196316K, committed 199040K, reserved 1245184K
  class space    used 25401K, committed 26752K, reserved 1048576K
}
Event: 160.607 GC heap before
{Heap before GC invocations=62 (full 0):
 garbage-first heap   total 303104K, used 259311K [0x0000000600000000, 0x0000000800000000)
  region size 4096K, 23 young (94208K), 4 survivors (16384K)
 Metaspace       used 202133K, committed 204864K, reserved 1245184K
  class space    used 25915K, committed 27264K, reserved 1048576K
}
Event: 160.638 GC heap after
{Heap after GC invocations=63 (full 0):
 garbage-first heap   total 303104K, used 186457K [0x0000000600000000, 0x0000000800000000)
  region size 4096K, 1 young (4096K), 1 survivors (4096K)
 Metaspace       used 202133K, committed 204864K, reserved 1245184K
  class space    used 25915K, committed 27264K, reserved 1048576K
}
Event: 162.996 GC heap before
{Heap before GC invocations=63 (full 0):
 garbage-first heap   total 303104K, used 227417K [0x0000000600000000, 0x0000000800000000)
  region size 4096K, 13 young (53248K), 1 survivors (4096K)
 Metaspace       used 204710K, committed 207424K, reserved 1245184K
  class space    used 26227K, committed 27584K, reserved 1048576K
}
Event: 163.006 GC heap after
{Heap after GC invocations=64 (full 0):
 garbage-first heap   total 303104K, used 188910K [0x0000000600000000, 0x0000000800000000)
  region size 4096K, 2 young (8192K), 2 survivors (8192K)
 Metaspace       used 204710K, committed 207424K, reserved 1245184K
  class space    used 26227K, committed 27584K, reserved 1048576K
}
Event: 165.978 GC heap before
{Heap before GC invocations=65 (full 0):
 garbage-first heap   total 499712K, used 369134K [0x0000000600000000, 0x0000000800000000)
  region size 4096K, 21 young (86016K), 2 survivors (8192K)
 Metaspace       used 207085K, committed 209856K, reserved 1245184K
  class space    used 26534K, committed 27904K, reserved 1048576K
}
Event: 165.996 GC heap after
{Heap after GC invocations=66 (full 0):
 garbage-first heap   total 499712K, used 283457K [0x0000000600000000, 0x0000000800000000)
  region size 4096K, 3 young (12288K), 3 survivors (12288K)
 Metaspace       used 207085K, committed 209856K, reserved 1245184K
  class space    used 26534K, committed 27904K, reserved 1048576K
}
Event: 171.324 GC heap before
{Heap before GC invocations=66 (full 0):
 garbage-first heap   total 499712K, used 459585K [0x0000000600000000, 0x0000000800000000)
  region size 4096K, 45 young (184320K), 3 survivors (12288K)
 Metaspace       used 215559K, committed 218432K, reserved 1245184K
  class space    used 27875K, committed 29312K, reserved 1048576K
}
Event: 171.414 GC heap after
{Heap after GC invocations=67 (full 0):
 garbage-first heap   total 520192K, used 236470K [0x0000000600000000, 0x0000000800000000)
  region size 4096K, 6 young (24576K), 6 survivors (24576K)
 Metaspace       used 215559K, committed 218432K, reserved 1245184K
  class space    used 27875K, committed 29312K, reserved 1048576K
}
Event: 188.327 GC heap before
{Heap before GC invocations=67 (full 0):
 garbage-first heap   total 520192K, used 453558K [0x0000000600000000, 0x0000000800000000)
  region size 4096K, 55 young (225280K), 6 survivors (24576K)
 Metaspace       used 220799K, committed 223680K, reserved 1245184K
  class space    used 28526K, committed 29952K, reserved 1048576K
}
Event: 188.395 GC heap after
{Heap after GC invocations=68 (full 0):
 garbage-first heap   total 520192K, used 240343K [0x0000000600000000, 0x0000000800000000)
  region size 4096K, 2 young (8192K), 2 survivors (8192K)
 Metaspace       used 220799K, committed 223680K, reserved 1245184K
  class space    used 28526K, committed 29952K, reserved 1048576K
}
Event: 188.900 GC heap before
{Heap before GC invocations=68 (full 0):
 garbage-first heap   total 520192K, used 252631K [0x0000000600000000, 0x0000000800000000)
  region size 4096K, 6 young (24576K), 2 survivors (8192K)
 Metaspace       used 221092K, committed 224000K, reserved 1245184K
  class space    used 28564K, committed 30016K, reserved 1048576K
}
Event: 188.917 GC heap after
{Heap after GC invocations=69 (full 0):
 garbage-first heap   total 520192K, used 240530K [0x0000000600000000, 0x0000000800000000)
  region size 4096K, 2 young (8192K), 2 survivors (8192K)
 Metaspace       used 221092K, committed 224000K, reserved 1245184K
  class space    used 28564K, committed 30016K, reserved 1048576K
}
Event: 212.055 GC heap before
{Heap before GC invocations=70 (full 0):
 garbage-first heap   total 520192K, used 449426K [0x0000000600000000, 0x0000000800000000)
  region size 4096K, 54 young (221184K), 2 survivors (8192K)
 Metaspace       used 227180K, committed 230080K, reserved 1310720K
  class space    used 29190K, committed 30656K, reserved 1048576K
}
Event: 212.077 GC heap after
{Heap after GC invocations=71 (full 0):
 garbage-first heap   total 520192K, used 246928K [0x0000000600000000, 0x0000000800000000)
  region size 4096K, 4 young (16384K), 4 survivors (16384K)
 Metaspace       used 227180K, committed 230080K, reserved 1310720K
  class space    used 29190K, committed 30656K, reserved 1048576K
}
Event: 218.308 GC heap before
{Heap before GC invocations=71 (full 0):
 garbage-first heap   total 520192K, used 455824K [0x0000000600000000, 0x0000000800000000)
  region size 4096K, 56 young (229376K), 4 survivors (16384K)
 Metaspace       used 240646K, committed 243648K, reserved 1310720K
  class space    used 30972K, committed 32512K, reserved 1048576K
}
Event: 218.349 GC heap after
{Heap after GC invocations=72 (full 0):
 garbage-first heap   total 520192K, used 248765K [0x0000000600000000, 0x0000000800000000)
  region size 4096K, 7 young (28672K), 7 survivors (28672K)
 Metaspace       used 240646K, committed 243648K, reserved 1310720K
  class space    used 30972K, committed 32512K, reserved 1048576K
}

